2026-06-07 20:33:31.555 WARNING (SyncWorker_0) [homeassistant.loader] We found a custom integration samsungtv_smart which has not been tested by Home Assistant. This component might cause stability problems, be sure to disable it if you experience issues with Home Assistant
2026-06-07 20:33:31.557 WARNING (SyncWorker_0) [homeassistant.loader] We found a custom integration moteur_ia_conversation which has not been tested by Home Assistant. This component might cause stability problems, be sure to disable it if you experience issues with Home Assistant
2026-06-07 20:33:31.557 WARNING (SyncWorker_0) [homeassistant.loader] We found a custom integration daikin_onecta which has not been tested by Home Assistant. This component might cause stability problems, be sure to disable it if you experience issues with Home Assistant
2026-06-07 20:33:31.558 WARNING (SyncWorker_0) [homeassistant.loader] We found a custom integration sonoff which has not been tested by Home Assistant. This component might cause stability problems, be sure to disable it if you experience issues with Home Assistant
2026-06-07 20:33:31.558 WARNING (SyncWorker_0) [homeassistant.loader] We found a custom integration hacs which has not been tested by Home Assistant. This component might cause stability problems, be sure to disable it if you experience issues with Home Assistant
2026-06-07 20:33:31.558 WARNING (SyncWorker_0) [homeassistant.loader] We found a custom integration ai_automation_suggester which has not been tested by Home Assistant. This component might cause stability problems, be sure to disable it if you experience issues with Home Assistant
2026-06-07 20:33:31.810 WARNING (Recorder) [homeassistant.components.recorder.util] The system could not validate that the sqlite3 database at //config/home-assistant_v2.db was shutdown cleanly
2026-06-07 20:33:31.843 WARNING (Recorder) [homeassistant.components.recorder.util] Ended unfinished session (id=17 from 2026-06-07 18:32:50.750147)
2026-06-07 20:33:32.434 ERROR (MainThread) [habluetooth.manager] Missing required permissions for Bluetooth management. Automatic adapter recovery is unavailable. Add NET_ADMIN and NET_RAW capabilities to the container to enable it
Traceback (most recent call last):
  File "src/habluetooth/manager.py", line 377, in habluetooth.manager.BluetoothManager.async_setup
  File "src/habluetooth/channels/bluez.py", line 451, in setup
PermissionError: Missing NET_ADMIN/NET_RAW capabilities for Bluetooth management
2026-06-07 20:33:34.076 WARNING (MainThread) [homeassistant.config_entries] Config entry 'axellum@hotmail.com' for tuya integration could not authenticate: Authentication failed. Please re-authenticate
2026-06-07 20:33:37.272 WARNING (zeroconf-ServiceBrowser-_googlecast._tcp-121) [pychromecast.dial] Failed to determine cast type for host <unknown> (<urlopen error [Errno 111] Connection refused>) (services:{MDNSServiceInfo(name='S85D-c43d52e2dcce80bb493cc482bdbb78d4._googlecast._tcp.local.')})
2026-06-07 20:33:40.354 ERROR (MainThread) [pyatv.protocols.companion] Could not fetch SystemStatus, power_state will not work (Command FetchAttentionState failed)
Traceback (most recent call last):
  File "/usr/local/lib/python3.14/asyncio/tasks.py", line 488, in wait_for
    return await fut
           ^^^^^^^^^
  File "/usr/local/lib/python3.14/asyncio/locks.py", line 213, in wait
    await fut
asyncio.exceptions.CancelledError

The above exception was the direct cause of the following exception:

Traceback (most recent call last):
  File "/usr/local/lib/python3.14/site-packages/pyatv/protocols/companion/api.py", line 172, in _send_command
    resp = await self._protocol.exchange_opack(
           ^^^^^^^^^^^^^^^^^^^^^^^^^^^^^^^^^^^^
    ...<6 lines>...
    )
    ^
  File "/usr/local/lib/python3.14/site-packages/pyatv/protocols/companion/protocol.py", line 153, in exchange_opack
    return await self._exchange_generic_opack(frame_type, data, identifier, timeout)
           ^^^^^^^^^^^^^^^^^^^^^^^^^^^^^^^^^^^^^^^^^^^^^^^^^^^^^^^^^^^^^^^^^^^^^^^^^
  File "/usr/local/lib/python3.14/site-packages/pyatv/protocols/companion/protocol.py", line 166, in _exchange_generic_opack
    unpacked_object = await self._queues[identifier].wait(timeout)
                      ^^^^^^^^^^^^^^^^^^^^^^^^^^^^^^^^^^^^^^^^^^^^
  File "/usr/local/lib/python3.14/site-packages/pyatv/support/collections.py", line 161, in wait
    await asyncio.wait_for(self._event.wait(), timeout)
  File "/usr/local/lib/python3.14/asyncio/tasks.py", line 487, in wait_for
    async with timeouts.timeout(timeout):
               ~~~~~~~~~~~~~~~~^^^^^^^^^
  File "/usr/local/lib/python3.14/asyncio/timeouts.py", line 114, in __aexit__
    raise TimeoutError from exc_val
TimeoutError

The above exception was the direct cause of the following exception:

Traceback (most recent call last):
  File "/usr/local/lib/python3.14/site-packages/pyatv/protocols/companion/__init__.py", line 222, in initialize
    system_status = await self.api.fetch_attention_state()
                    ^^^^^^^^^^^^^^^^^^^^^^^^^^^^^^^^^^^^^^
  File "/usr/local/lib/python3.14/site-packages/pyatv/protocols/companion/api.py", line 439, in fetch_attention_state
    resp = await self._send_command("FetchAttentionState", {})
           ^^^^^^^^^^^^^^^^^^^^^^^^^^^^^^^^^^^^^^^^^^^^^^^^^^^
  File "/usr/local/lib/python3.14/site-packages/pyatv/protocols/companion/api.py", line 183, in _send_command
    raise exceptions.ProtocolError(f"Command {identifier} failed") from ex
pyatv.exceptions.ProtocolError: Command FetchAttentionState failed
2026-06-07 20:33:42.259 ERROR (MainThread) [homeassistant.components.mqtt.client] Failed to connect to MQTT server due to exception: [Errno -2] Name does not resolve
2026-06-07 20:33:45.361 ERROR (MainThread) [homeassistant.components.apple_tv.media_player] Failed to update app list
Traceback (most recent call last):
  File "/usr/local/lib/python3.14/asyncio/tasks.py", line 488, in wait_for
    return await fut
           ^^^^^^^^^
  File "/usr/local/lib/python3.14/asyncio/locks.py", line 213, in wait
    await fut
asyncio.exceptions.CancelledError

The above exception was the direct cause of the following exception:

Traceback (most recent call last):
  File "/usr/local/lib/python3.14/site-packages/pyatv/protocols/companion/api.py", line 172, in _send_command
    resp = await self._protocol.exchange_opack(
           ^^^^^^^^^^^^^^^^^^^^^^^^^^^^^^^^^^^^
    ...<6 lines>...
    )
    ^
  File "/usr/local/lib/python3.14/site-packages/pyatv/protocols/companion/protocol.py", line 153, in exchange_opack
    return await self._exchange_generic_opack(frame_type, data, identifier, timeout)
           ^^^^^^^^^^^^^^^^^^^^^^^^^^^^^^^^^^^^^^^^^^^^^^^^^^^^^^^^^^^^^^^^^^^^^^^^^
  File "/usr/local/lib/python3.14/site-packages/pyatv/protocols/companion/protocol.py", line 166, in _exchange_generic_opack
    unpacked_object = await self._queues[identifier].wait(timeout)
                      ^^^^^^^^^^^^^^^^^^^^^^^^^^^^^^^^^^^^^^^^^^^^
  File "/usr/local/lib/python3.14/site-packages/pyatv/support/collections.py", line 161, in wait
    await asyncio.wait_for(self._event.wait(), timeout)
  File "/usr/local/lib/python3.14/asyncio/tasks.py", line 487, in wait_for
    async with timeouts.timeout(timeout):
               ~~~~~~~~~~~~~~~~^^^^^^^^^
  File "/usr/local/lib/python3.14/asyncio/timeouts.py", line 114, in __aexit__
    raise TimeoutError from exc_val
TimeoutError

The above exception was the direct cause of the following exception:

Traceback (most recent call last):
  File "/usr/src/homeassistant/homeassistant/components/apple_tv/media_player.py", line 166, in _update_app_list
    apps = await self.atv.apps.app_list()
           ^^^^^^^^^^^^^^^^^^^^^^^^^^^^^^
  File "/usr/local/lib/python3.14/site-packages/pyatv/core/facade.py", line 408, in app_list
    return await self.relay("app_list")()
           ^^^^^^^^^^^^^^^^^^^^^^^^^^^^^^
  File "/usr/local/lib/python3.14/site-packages/pyatv/protocols/companion/__init__.py", line 170, in app_list
    app_list = await self.api.app_list()
               ^^^^^^^^^^^^^^^^^^^^^^^^^
  File "/usr/local/lib/python3.14/site-packages/pyatv/protocols/companion/api.py", line 276, in app_list
    return await self._send_command("FetchLaunchableApplicationsEvent", {})
           ^^^^^^^^^^^^^^^^^^^^^^^^^^^^^^^^^^^^^^^^^^^^^^^^^^^^^^^^^^^^^^^^
  File "/usr/local/lib/python3.14/site-packages/pyatv/protocols/companion/api.py", line 183, in _send_command
    raise exceptions.ProtocolError(f"Command {identifier} failed") from ex
pyatv.exceptions.ProtocolError: Command FetchLaunchableApplicationsEvent failed
2026-06-07 20:34:31.903 WARNING (MainThread) [homeassistant.bootstrap] Waiting for integrations to complete setup: {('freebox', '23aa9fb14ce9dfb240770d18dac1a8ce'): 21886.256376713}
2026-06-07 20:35:07.283 ERROR (MainThread) [homeassistant.config_entries] Error setting up entry 5clbsbna.fbxos.fr for freebox
Traceback (most recent call last):
  File "/usr/src/homeassistant/homeassistant/config_entries.py", line 796, in __async_setup_with_context
    result = await component.async_setup_entry(hass, self)
             ^^^^^^^^^^^^^^^^^^^^^^^^^^^^^^^^^^^^^^^^^^^^^
  File "/usr/src/homeassistant/homeassistant/components/freebox/__init__.py", line 85, in async_setup_entry
    await api.open(entry.data[CONF_HOST], entry.data[CONF_PORT])
  File "/usr/local/lib/python3.14/site-packages/freebox_api/aiofreepybox.py", line 128, in open
    self._access = await self._get_freebox_access(
                   ^^^^^^^^^^^^^^^^^^^^^^^^^^^^^^^
        host, port, self.api_version, self.token_file, self.app_desc, self.timeout
        ^^^^^^^^^^^^^^^^^^^^^^^^^^^^^^^^^^^^^^^^^^^^^^^^^^^^^^^^^^^^^^^^^^^^^^^^^^
    )
    ^
  File "/usr/local/lib/python3.14/site-packages/freebox_api/aiofreepybox.py", line 255, in _get_freebox_access
    raise AuthorizationError("Authorization timed out")
freebox_api.exceptions.AuthorizationError: Authorization timed out
2026-06-07 20:35:07.285 ERROR (MainThread) [homeassistant] Error doing job: Unclosed client session (task: None)
2026-06-07 20:35:07.286 ERROR (MainThread) [homeassistant] Error doing job: Unclosed connector (task: None)
2026-06-07 20:35:19.024 WARNING (MainThread) [homeassistant.helpers.template] Template variable warning: 'dict object' has no attribute 'return_code' when rendering 'SSH key restore — return_code: {{ ssh_restore_result.return_code }} {{ '✅ Clé SSH OK' if ssh_restore_result.return_code == 0 else '⚠️ Echec restauration clé SSH' }}'
2026-06-07 20:35:19.996 ERROR (SyncWorker_7) [aiodhcpwatcher] Cannot watch for dhcp packets: [Errno 1] Operation not permitted
2026-06-07 20:35:49.194 WARNING (MainThread) [homeassistant.helpers.template] Template variable warning: 'dict object' has no attribute 'return_code' when rendering 'Worker Freebox démarré via SSH — return_code: {{ worker_result.return_code }} {{ '✅ OK' if worker_result.return_code == 0 else '⚠️ Echec (voir worker.log sur VM)' }}'
2026-06-07 20:38:36.648 WARNING (MainThread) [homeassistant.components.automation] Error evaluating condition in 'MAJ Ecran Nextion Meteo35 ESPHome':
In 'condition' (item 2 of 2):
  In 'state':
    In 'state' condition: unknown entity device_tracker.ecran_meteo_3_5
2026-06-07 20:38:36.650 ERROR (MainThread) [homeassistant.components.automation.maj_ecran_tab5_esphome_push] MAJ Ecran Tab5 ESPHome Push: Error executing script. Service not found for call_service at pos 1: Action esphome.tab5_ha_hmi_tab5_maj_alerte_meteo_france not found
2026-06-07 20:40:00.194 WARNING (MainThread) [homeassistant.components.automation] Error evaluating condition in 'MAJ Ecran Nextion Meteo35 ESPHome':
In 'condition' (item 2 of 2):
  In 'state':
    In 'state' condition: unknown entity device_tracker.ecran_meteo_3_5
2026-06-07 20:40:00.270 ERROR (MainThread) [homeassistant.components.automation.maj_ecran_tab5_esphome_push] MAJ Ecran Tab5 ESPHome Push: Error executing script. Service not found for call_service at pos 1: Action esphome.tab5_ha_hmi_tab5_maj_alerte_meteo_france not found
