2026-06-07 20:52:28.855 WARNING (SyncWorker_0) [homeassistant.loader] We found a custom integration samsungtv_smart which has not been tested by Home Assistant. This component might cause stability problems, be sure to disable it if you experience issues with Home Assistant
2026-06-07 20:52:28.857 WARNING (SyncWorker_0) [homeassistant.loader] We found a custom integration moteur_ia_conversation which has not been tested by Home Assistant. This component might cause stability problems, be sure to disable it if you experience issues with Home Assistant
2026-06-07 20:52:28.858 WARNING (SyncWorker_0) [homeassistant.loader] We found a custom integration daikin_onecta which has not been tested by Home Assistant. This component might cause stability problems, be sure to disable it if you experience issues with Home Assistant
2026-06-07 20:52:28.858 WARNING (SyncWorker_0) [homeassistant.loader] We found a custom integration sonoff which has not been tested by Home Assistant. This component might cause stability problems, be sure to disable it if you experience issues with Home Assistant
2026-06-07 20:52:28.859 WARNING (SyncWorker_0) [homeassistant.loader] We found a custom integration hacs which has not been tested by Home Assistant. This component might cause stability problems, be sure to disable it if you experience issues with Home Assistant
2026-06-07 20:52:28.859 WARNING (SyncWorker_0) [homeassistant.loader] We found a custom integration ai_automation_suggester which has not been tested by Home Assistant. This component might cause stability problems, be sure to disable it if you experience issues with Home Assistant
2026-06-07 20:52:30.154 ERROR (MainThread) [homeassistant.components.hassio] Missing SUPERVISOR environment variable
2026-06-07 20:52:30.154 ERROR (MainThread) [homeassistant.setup] Setup failed for 'hassio': Integration failed to initialize.
2026-06-07 20:52:30.154 ERROR (MainThread) [homeassistant.setup] Unable to set up dependencies of 'backup'. Setup failed for dependencies: ['hassio']
2026-06-07 20:52:30.154 ERROR (MainThread) [homeassistant.setup] Setup failed for 'backup': Could not setup dependencies: hassio
2026-06-07 20:52:30.328 ERROR (MainThread) [habluetooth.manager] Missing required permissions for Bluetooth management. Automatic adapter recovery is unavailable. Add NET_ADMIN and NET_RAW capabilities to the container to enable it
Traceback (most recent call last):
  File "src/habluetooth/manager.py", line 377, in habluetooth.manager.BluetoothManager.async_setup
  File "src/habluetooth/channels/bluez.py", line 451, in setup
PermissionError: Missing NET_ADMIN/NET_RAW capabilities for Bluetooth management
2026-06-07 20:52:30.360 ERROR (MainThread) [homeassistant.setup] Unable to set up dependencies of 'cloud'. Setup failed for dependencies: ['backup']
2026-06-07 20:52:30.360 ERROR (MainThread) [homeassistant.setup] Setup failed for 'cloud': Could not setup dependencies: backup
2026-06-07 20:52:33.227 WARNING (zeroconf-ServiceBrowser-_googlecast._tcp-211) [pychromecast.dial] Failed to determine cast type for host <unknown> (<urlopen error [Errno 111] Connection refused>) (services:{MDNSServiceInfo(name='S85D-c43d52e2dcce80bb493cc482bdbb78d4._googlecast._tcp.local.')})
2026-06-07 20:52:33.566 ERROR (MainThread) [homeassistant.setup] Unable to set up dependencies of 'default_config'. Setup failed for dependencies: ['cloud']
2026-06-07 20:52:33.566 ERROR (MainThread) [homeassistant.setup] Setup failed for 'default_config': Could not setup dependencies: cloud
2026-06-07 20:52:37.357 WARNING (MainThread) [homeassistant.components.samsungtv] SamsungTVWSBridge has provided a new token 17070290
2026-06-07 20:52:37.770 ERROR (MainThread) [pyatv.protocols.companion] Could not fetch SystemStatus, power_state will not work (Command FetchAttentionState failed)
Traceback (most recent call last):
  File "/usr/local/lib/python3.14/asyncio/tasks.py", line 488, in wait_for
    return await fut
           ^^^^^^^^^
  File "/usr/local/lib/python3.14/asyncio/locks.py", line 213, in wait
    await fut
asyncio.exceptions.CancelledError

The above exception was the direct cause of the following exception:

Traceback (most recent call last):
  File "/usr/local/lib/python3.14/site-packages/pyatv/protocols/companion/api.py", line 172, in _send_command
    resp = await self._protocol.exchange_opack(
           ^^^^^^^^^^^^^^^^^^^^^^^^^^^^^^^^^^^^
    ...<6 lines>...
    )
    ^
  File "/usr/local/lib/python3.14/site-packages/pyatv/protocols/companion/protocol.py", line 153, in exchange_opack
    return await self._exchange_generic_opack(frame_type, data, identifier, timeout)
           ^^^^^^^^^^^^^^^^^^^^^^^^^^^^^^^^^^^^^^^^^^^^^^^^^^^^^^^^^^^^^^^^^^^^^^^^^
  File "/usr/local/lib/python3.14/site-packages/pyatv/protocols/companion/protocol.py", line 166, in _exchange_generic_opack
    unpacked_object = await self._queues[identifier].wait(timeout)
                      ^^^^^^^^^^^^^^^^^^^^^^^^^^^^^^^^^^^^^^^^^^^^
  File "/usr/local/lib/python3.14/site-packages/pyatv/support/collections.py", line 161, in wait
    await asyncio.wait_for(self._event.wait(), timeout)
  File "/usr/local/lib/python3.14/asyncio/tasks.py", line 487, in wait_for
    async with timeouts.timeout(timeout):
               ~~~~~~~~~~~~~~~~^^^^^^^^^
  File "/usr/local/lib/python3.14/asyncio/timeouts.py", line 114, in __aexit__
    raise TimeoutError from exc_val
TimeoutError

The above exception was the direct cause of the following exception:

Traceback (most recent call last):
  File "/usr/local/lib/python3.14/site-packages/pyatv/protocols/companion/__init__.py", line 222, in initialize
    system_status = await self.api.fetch_attention_state()
                    ^^^^^^^^^^^^^^^^^^^^^^^^^^^^^^^^^^^^^^
  File "/usr/local/lib/python3.14/site-packages/pyatv/protocols/companion/api.py", line 439, in fetch_attention_state
    resp = await self._send_command("FetchAttentionState", {})
           ^^^^^^^^^^^^^^^^^^^^^^^^^^^^^^^^^^^^^^^^^^^^^^^^^^^
  File "/usr/local/lib/python3.14/site-packages/pyatv/protocols/companion/api.py", line 183, in _send_command
    raise exceptions.ProtocolError(f"Command {identifier} failed") from ex
pyatv.exceptions.ProtocolError: Command FetchAttentionState failed
2026-06-07 20:52:38.580 ERROR (MainThread) [homeassistant.components.mqtt.client] Failed to connect to MQTT server due to exception: [Errno -2] Name does not resolve
2026-06-07 20:52:42.781 ERROR (MainThread) [homeassistant.components.apple_tv.media_player] Failed to update app list
Traceback (most recent call last):
  File "/usr/local/lib/python3.14/asyncio/tasks.py", line 488, in wait_for
    return await fut
           ^^^^^^^^^
  File "/usr/local/lib/python3.14/asyncio/locks.py", line 213, in wait
    await fut
asyncio.exceptions.CancelledError

The above exception was the direct cause of the following exception:

Traceback (most recent call last):
  File "/usr/local/lib/python3.14/site-packages/pyatv/protocols/companion/api.py", line 172, in _send_command
    resp = await self._protocol.exchange_opack(
           ^^^^^^^^^^^^^^^^^^^^^^^^^^^^^^^^^^^^
    ...<6 lines>...
    )
    ^
  File "/usr/local/lib/python3.14/site-packages/pyatv/protocols/companion/protocol.py", line 153, in exchange_opack
    return await self._exchange_generic_opack(frame_type, data, identifier, timeout)
           ^^^^^^^^^^^^^^^^^^^^^^^^^^^^^^^^^^^^^^^^^^^^^^^^^^^^^^^^^^^^^^^^^^^^^^^^^
  File "/usr/local/lib/python3.14/site-packages/pyatv/protocols/companion/protocol.py", line 166, in _exchange_generic_opack
    unpacked_object = await self._queues[identifier].wait(timeout)
                      ^^^^^^^^^^^^^^^^^^^^^^^^^^^^^^^^^^^^^^^^^^^^
  File "/usr/local/lib/python3.14/site-packages/pyatv/support/collections.py", line 161, in wait
    await asyncio.wait_for(self._event.wait(), timeout)
  File "/usr/local/lib/python3.14/asyncio/tasks.py", line 487, in wait_for
    async with timeouts.timeout(timeout):
               ~~~~~~~~~~~~~~~~^^^^^^^^^
  File "/usr/local/lib/python3.14/asyncio/timeouts.py", line 114, in __aexit__
    raise TimeoutError from exc_val
TimeoutError

The above exception was the direct cause of the following exception:

Traceback (most recent call last):
  File "/usr/src/homeassistant/homeassistant/components/apple_tv/media_player.py", line 166, in _update_app_list
    apps = await self.atv.apps.app_list()
           ^^^^^^^^^^^^^^^^^^^^^^^^^^^^^^
  File "/usr/local/lib/python3.14/site-packages/pyatv/core/facade.py", line 408, in app_list
    return await self.relay("app_list")()
           ^^^^^^^^^^^^^^^^^^^^^^^^^^^^^^
  File "/usr/local/lib/python3.14/site-packages/pyatv/protocols/companion/__init__.py", line 170, in app_list
    app_list = await self.api.app_list()
               ^^^^^^^^^^^^^^^^^^^^^^^^^
  File "/usr/local/lib/python3.14/site-packages/pyatv/protocols/companion/api.py", line 276, in app_list
    return await self._send_command("FetchLaunchableApplicationsEvent", {})
           ^^^^^^^^^^^^^^^^^^^^^^^^^^^^^^^^^^^^^^^^^^^^^^^^^^^^^^^^^^^^^^^^
  File "/usr/local/lib/python3.14/site-packages/pyatv/protocols/companion/api.py", line 183, in _send_command
    raise exceptions.ProtocolError(f"Command {identifier} failed") from ex
pyatv.exceptions.ProtocolError: Command FetchLaunchableApplicationsEvent failed
2026-06-07 20:52:44.369 ERROR (SyncWorker_8) [aiodhcpwatcher] Cannot watch for dhcp packets: [Errno 1] Operation not permitted
